Drill report for rib4inAd_00.kicad_pcb
Created on Mon 31 Oct 2022 17:33:48 CET

Copper Layer Stackup:
    =============================================================
    L1 :  F.Cu                      front
    L2 :  In1.Cu                    in1
    L3 :  In2.Cu                    in2
    L4 :  B.Cu                      back


Drill file 'rib4inAd_00-PTH.drl' contains
    plated through holes:
    =============================================================
    T1  0.400mm  0.0157"  (55 holes)
    T2  0.800mm  0.0315"  (15 holes)
    T3  1.000mm  0.0394"  (26 holes)
    T4  1.400mm  0.0551"  (20 holes)

    Total plated holes count 116


Drill file 'rib4inAd_00-NPTH.drl' contains
    unplated through holes:
    =============================================================

    Total unplated holes count 0
